INFO:sim:172 - Generating IP...
Applying current project options...
Finished applying current project options.
WARNING:sim - A core named 'Program_Memory' already exists in the project.
   Output products for this core may be overwritten.
Resolving generics for 'Program_Memory'...
WARNING:sim - A core named 'Program_Memory' already exists in the project.
   Output products for this core may be overwritten.
Applying external generics to 'Program_Memory'...
Delivering associated files for 'Program_Memory'...
Delivering EJava files for 'Program_Memory'...
Generating implementation netlist for 'Program_Memory'...
INFO:sim - Pre-processing HDL files for 'Program_Memory'...
Running synthesis for 'Program_Memory'
Running ngcbuild...
Writing VEO instantiation template for 'Program_Memory'...
Writing Verilog behavioral simulation model for 'Program_Memory'...
WARNING:sim - Overwriting existing file
   E:/lab8/ipcore_dir/tmp/_cg/Program_Memory/doc/blk_mem_gen_v7_3_vinfo.html
   with file from view xilinx_documentation
Delivered 1 file into directory E:/lab8/ipcore_dir/tmp/_cg/Program_Memory
Generating ASY schematic symbol...
INFO:sim:949 - Finished generation of ASY schematic symbol.
Generating SYM schematic symbol for 'Program_Memory'...
Generating metadata file...
Regenerating ISE project file for 'Program_Memory'...
Generating ISE project...
XCO file found: Program_Memory.xco
XMDF file found: Program_Memory_xmdf.tcl
Adding E:/lab8/ipcore_dir/tmp/_cg/Program_Memory.asy -view all -origin_type
imported
Adding E:/lab8/ipcore_dir/tmp/_cg/Program_Memory.ngc -view all -origin_type
created
Checking file "E:/lab8/ipcore_dir/tmp/_cg/Program_Memory.ngc" for project device
match ...
File "E:/lab8/ipcore_dir/tmp/_cg/Program_Memory.ngc" device information matches
project device.
Adding E:/lab8/ipcore_dir/tmp/_cg/Program_Memory.sym -view all -origin_type
imported
Adding E:/lab8/ipcore_dir/tmp/_cg/Program_Memory.v -view all -origin_type
created
INFO:HDLCompiler:1845 - Analyzing Verilog file
   "E:/lab8/ipcore_dir/tmp/_cg/Program_Memory.v" into library work
INFO:ProjectMgmt - Parsing design hierarchy completed successfully.
Adding E:/lab8/ipcore_dir/tmp/_cg/Program_Memory.veo -view all -origin_type
imported
INFO:TclTasksC:2116 - The automatic calculation of top has been turned-off.
   Please set the new top explicitly by running the "project set top" command.
   To re-calculate the new top automatically, set the "Auto Implementation Top"
   property to true.
Top level has been set to "/Program_Memory"
Generating README file...
Generating FLIST file...
INFO:sim:948 - Finished FLIST file generation.
Launching README viewer...
Moving files to output directory...
Finished moving files to output directory
Wrote CGP file for project 'Program_Memory'.
